{"numTotalTestSuites":4,"numPassedTestSuites":4,"numFailedTestSuites":0,"numPendingTestSuites":0,"numTotalTests":2,"numPassedTests":0,"numFailedTests":2,"numPendingTests":0,"numTodoTests":0,"startTime":1778047344457,"success":false,"testResults":[{"assertionResults":[{"ancestorTitles":["","App"],"fullName":" App renders ShopSmart title","status":"failed","title":"renders ShopSmart title","duration":14,"failureMessages":["localStorage.getItem is not a function"],"location":{"line":10,"column":36}}],"startTime":1778047345430,"endTime":1778047345444,"status":"failed","message":"","name":"/Users/aditisingh1619/Desktop/shopsmart/client/src/App.test.jsx"},{"assertionResults":[{"ancestorTitles":["","Home Page"],"fullName":" Home Page renders home page heading","status":"failed","title":"renders home page heading","duration":25,"failureMessages":["Cannot destructure property 'basename' of 'React10.useContext(...)' as it is null."],"location":{"line":10031,"column":11}}],"startTime":1778047345405,"endTime":1778047345430,"status":"failed","message":"","name":"/Users/aditisingh1619/Desktop/shopsmart/client/src/pages/Home.test.jsx"}]}