{"numTotalTestSuites":4,"numPassedTestSuites":4,"numFailedTestSuites":0,"numPendingTestSuites":0,"numTotalTests":2,"numPassedTests":2,"numFailedTests":0,"numPendingTests":0,"numTodoTests":0,"startTime":1778047995223,"success":true,"testResults":[{"assertionResults":[{"ancestorTitles":["","App"],"fullName":" App renders ShopSmart title","status":"passed","title":"renders ShopSmart title","duration":63,"failureMessages":[]}],"startTime":1778047996173,"endTime":1778047996236,"status":"passed","message":"","name":"/Users/aditisingh1619/Desktop/shopsmart/client/src/App.test.jsx"},{"assertionResults":[{"ancestorTitles":["","Home Page"],"fullName":" Home Page renders home page heading","status":"passed","title":"renders home page heading","duration":26,"failureMessages":[]}],"startTime":1778047996144,"endTime":1778047996170,"status":"passed","message":"","name":"/Users/aditisingh1619/Desktop/shopsmart/client/src/pages/Home.test.jsx"}]}